<?xml version="1.0" encoding="UTF-8"?>
<testsuite name="com.example.demo.PrimeServiceTest" tests="2" skipped="0" failures="0" errors="0" timestamp="2024-01-10T20:46:58" hostname="LAPTOP-JCTVJ7JG" time="0.011">
  <properties/>
  <testcase name="calculatePrimes()" classname="com.example.demo.PrimeServiceTest" time="0.007"/>
  <testcase name="isPrime()" classname="com.example.demo.PrimeServiceTest" time="0.002"/>
  <system-out><![CDATA[]]></system-out>
  <system-err><![CDATA[]]></system-err>
</testsuite>
